0 info it worked if it ends with ok
1 verbose cli [ '/opt/local/bin/node', '/opt/local/bin/npm', 'publish' ]
2 info using npm@1.4.7
3 info using node@v0.10.35
4 verbose publish [ '.' ]
5 verbose cache add [ '.', null ]
6 verbose cache add name=undefined spec="." args=[".",null]
7 verbose parsed url { protocol: null,
7 verbose parsed url   slashes: null,
7 verbose parsed url   auth: null,
7 verbose parsed url   host: null,
7 verbose parsed url   port: null,
7 verbose parsed url   hostname: null,
7 verbose parsed url   hash: null,
7 verbose parsed url   search: null,
7 verbose parsed url   query: null,
7 verbose parsed url   pathname: '.',
7 verbose parsed url   path: '.',
7 verbose parsed url   href: '.' }
8 silly lockFile 3a52ce78- .
9 verbose lock . /Users/marekbejda/.npm/3a52ce78-.lock
10 verbose tar pack [ '/var/folders/nk/vgzyh0fs1hz91cdhly6crqq00000gn/T/npm-89220-SZezljuV/1433266380132-0.22159575414843857/tmp.tgz',
10 verbose tar pack   '.' ]
11 verbose tarball /var/folders/nk/vgzyh0fs1hz91cdhly6crqq00000gn/T/npm-89220-SZezljuV/1433266380132-0.22159575414843857/tmp.tgz
12 verbose folder .
13 info prepublish just_include@0.1.4
14 silly lockFile 1f1177db-tar tar://.
15 verbose lock tar://. /Users/marekbejda/.npm/1f1177db-tar.lock
16 silly lockFile 8cb63ae9-0132-0-22159575414843857-tmp-tgz tar:///var/folders/nk/vgzyh0fs1hz91cdhly6crqq00000gn/T/npm-89220-SZezljuV/1433266380132-0.22159575414843857/tmp.tgz
17 verbose lock tar:///var/folders/nk/vgzyh0fs1hz91cdhly6crqq00000gn/T/npm-89220-SZezljuV/1433266380132-0.22159575414843857/tmp.tgz /Users/marekbejda/.npm/8cb63ae9-0132-0-22159575414843857-tmp-tgz.lock
18 silly lockFile 1f1177db-tar tar://.
19 silly lockFile 1f1177db-tar tar://.
20 silly lockFile 8cb63ae9-0132-0-22159575414843857-tmp-tgz tar:///var/folders/nk/vgzyh0fs1hz91cdhly6crqq00000gn/T/npm-89220-SZezljuV/1433266380132-0.22159575414843857/tmp.tgz
21 silly lockFile 8cb63ae9-0132-0-22159575414843857-tmp-tgz tar:///var/folders/nk/vgzyh0fs1hz91cdhly6crqq00000gn/T/npm-89220-SZezljuV/1433266380132-0.22159575414843857/tmp.tgz
22 verbose tar unpack /var/folders/nk/vgzyh0fs1hz91cdhly6crqq00000gn/T/npm-89220-SZezljuV/1433266380132-0.22159575414843857/tmp.tgz
23 silly lockFile 9ab7b608-a-npm-just-include-0-1-4-package tar:///Users/marekbejda/.npm/just_include/0.1.4/package
24 verbose lock tar:///Users/marekbejda/.npm/just_include/0.1.4/package /Users/marekbejda/.npm/9ab7b608-a-npm-just-include-0-1-4-package.lock
25 silly lockFile 8cb63ae9-0132-0-22159575414843857-tmp-tgz tar:///var/folders/nk/vgzyh0fs1hz91cdhly6crqq00000gn/T/npm-89220-SZezljuV/1433266380132-0.22159575414843857/tmp.tgz
26 verbose lock tar:///var/folders/nk/vgzyh0fs1hz91cdhly6crqq00000gn/T/npm-89220-SZezljuV/1433266380132-0.22159575414843857/tmp.tgz /Users/marekbejda/.npm/8cb63ae9-0132-0-22159575414843857-tmp-tgz.lock
27 silly gunzTarPerm modes [ '755', '644' ]
28 silly gunzTarPerm extractEntry package.json
29 silly gunzTarPerm extractEntry .npmignore
30 silly gunzTarPerm extractEntry README.md
31 silly gunzTarPerm extractEntry index.js
32 silly gunzTarPerm extractEntry Makefile
33 silly gunzTarPerm extractEntry test/index.js
34 silly gunzTarPerm extractEntry test/modules/A.js
35 silly gunzTarPerm extractEntry test/modules/B.js
36 silly gunzTarPerm extractEntry test/modules/Hello.js
37 silly gunzTarPerm extractEntry test/modules/World.js
38 silly gunzTarPerm extractEntry test/modules/helloWorld.js
39 silly lockFile 9ab7b608-a-npm-just-include-0-1-4-package tar:///Users/marekbejda/.npm/just_include/0.1.4/package
40 silly lockFile 9ab7b608-a-npm-just-include-0-1-4-package tar:///Users/marekbejda/.npm/just_include/0.1.4/package
41 silly lockFile 8cb63ae9-0132-0-22159575414843857-tmp-tgz tar:///var/folders/nk/vgzyh0fs1hz91cdhly6crqq00000gn/T/npm-89220-SZezljuV/1433266380132-0.22159575414843857/tmp.tgz
42 silly lockFile 8cb63ae9-0132-0-22159575414843857-tmp-tgz tar:///var/folders/nk/vgzyh0fs1hz91cdhly6crqq00000gn/T/npm-89220-SZezljuV/1433266380132-0.22159575414843857/tmp.tgz
43 silly lockFile 3a52ce78- .
44 silly lockFile 3a52ce78- .
45 silly publish { name: 'just_include',
45 silly publish   version: '0.1.4',
45 silly publish   description: 'To include private modules outside of the node_modules directory',
45 silly publish   main: 'include.js',
45 silly publish   scripts: { test: 'make test' },
45 silly publish   repository: { type: 'git', url: 'https://github.com/marek5050/include' },
45 silly publish   keywords: [ 'private', 'module' ],
45 silly publish   author:
45 silly publish    { name: 'Marek Bejda',
45 silly publish      email: 'marek.bejda@gmail.com',
45 silly publish      url: 'http://amodernstory.com/' },
45 silly publish   license: 'ISC',
45 silly publish   bugs: { url: 'https://github.com/marek5050/include/issues' },
45 silly publish   homepage: 'https://github.com/marek5050/include',
45 silly publish   devDependencies: { chai: '^2.3.0', mocha: '^2.2.5' },
45 silly publish   readme: '## just_include ##\n========================\n\nNodeJS Module to Include private modules.\n\n\n## Installation\n    npm install include --save\n\n## Usage\n   **** DO NOT CALL WITH ** VAR ** ! // Creates a global function available in any required file  ****\n   **** MUST BE INITIATED WITHIN MAIN JS FILE !  ****\n\n\n__main.js__\n\n      just_include = require(\'just_include\')(__dirname);\n      var helloWorld = include(\'helloWorld\');\n      helloWorld();\n\n\nOR\n   __main.js__\n   // If modules are not in a \'modules\' folder, specify a custom folder\n\n      just_include = require(\'just_include\')(__dirname,\'private\')\n      var helloWorld = just_include(\'helloWorld\');\n      helloWorld();\n\n\n\n## Test\n      npm test\n\n## Release History\n * 0.1.0 Initial History\n * 0.1.1 Styling changes.\n * 0.1.4 Still doing styling changes.\n',
45 silly publish   readmeFilename: 'README.md',
45 silly publish   _id: 'just_include@0.1.4',
45 silly publish   _shasum: '04712001d31997aa8de390dbe6c3b6da03762585',
45 silly publish   _from: '.' }
46 verbose url raw just_include
47 verbose url resolving [ 'https://registry.npmjs.org/', './just_include' ]
48 verbose url resolved https://registry.npmjs.org/just_include
49 info trying registry request attempt 1 at 12:33:00
50 http PUT https://registry.npmjs.org/just_include
51 http 403 https://registry.npmjs.org/just_include
52 verbose headers { 'content-type': 'application/json',
52 verbose headers   'cache-control': 'max-age=60',
52 verbose headers   'content-length': '95',
52 verbose headers   'accept-ranges': 'bytes',
52 verbose headers   date: 'Tue, 02 Jun 2015 17:33:01 GMT',
52 verbose headers   via: '1.1 varnish',
52 verbose headers   connection: 'keep-alive',
52 verbose headers   'x-served-by': 'cache-dfw1832-DFW',
52 verbose headers   'x-cache': 'MISS',
52 verbose headers   'x-cache-hits': '0',
52 verbose headers   'x-timer': 'S1433266380.303442,VS0,VE1139' }
53 error publish Failed PUT 403
54 error Error: "You cannot publish over the previously published version 0.1.4." : just_include
54 error     at RegClient.<anonymous> (/opt/local/lib/node_modules/npm/node_modules/npm-registry-client/lib/request.js:262:14)
54 error     at Request._callback (/opt/local/lib/node_modules/npm/node_modules/npm-registry-client/lib/request.js:200:65)
54 error     at Request.self.callback (/opt/local/lib/node_modules/npm/node_modules/request/request.js:123:22)
54 error     at Request.emit (events.js:98:17)
54 error     at Request.<anonymous> (/opt/local/lib/node_modules/npm/node_modules/request/request.js:893:14)
54 error     at Request.emit (events.js:117:20)
54 error     at IncomingMessage.<anonymous> (/opt/local/lib/node_modules/npm/node_modules/request/request.js:844:12)
54 error     at IncomingMessage.emit (events.js:117:20)
54 error     at _stream_readable.js:944:16
54 error     at process._tickCallback (node.js:442:13)
55 error If you need help, you may report this *entire* log,
55 error including the npm and node versions, at:
55 error     <http://github.com/npm/npm/issues>
56 error System Darwin 14.1.0
57 error command "/opt/local/bin/node" "/opt/local/bin/npm" "publish"
58 error cwd /Users/marekbejda/Downloads/NODEJS_Example/include
59 error node -v v0.10.35
60 error npm -v 1.4.7
61 verbose exit [ 1, true ]
